<?xml version="1.0" encoding="UTF-8"?>
<!-- Generated by org.testng.reporters.JUnitReportReporter -->
<testsuite hostname="DESKTOP-TA2JTMN" failures="0" tests="1" name="com.tescase.AuthentificationTest" time="117.722" errors="0" timestamp="2024-09-16T21:29:59 CET" skipped="0">
  <testcase classname="com.tescase.AuthentificationTest" name="testLoginTest" time="117.722"/>
  <system-out/>
</testsuite> <!-- com.tescase.AuthentificationTest -->
